Reading from E:\github_Vera\Mars_skull_phylosig\Data\Processed\TNT_files\Allom_all_plus_consensus\Allom_all_plus_consensus_Tree_14.tnt 
 
WARNING: 
Re-setting data type will cause
current data to be lost 
 
Matrices will be read as continuous data 
Matrix space: allocate for up to 32 states 
'TNT file generated with the R function `writeland.tnt` on Thu Dec  8 19:31:07 2022.'
Matrix (1x44, 32 states). Memory required for data: 0.05 Mbytes 
Again reading from E:\github_Vera\Mars_skull_phylosig\Data\Processed\TNT_files\Allom_all_plus_consensus\Allom_all_plus_consensus_2_20forfisnish.run 
Considering individual landmarks for resampling and relative supports
 
   Settings for landmark optimization:  
      Initially approximmating landmark positions with a 6x6 grid 
      Adding terminal points to initial grid 
      Not shrinking frame when approximmating landmark positions 
      Not skipping cells when approximmating landmark positions 
      Not shaking grid 
      Nesting sankoff 1 times (window: 1.0000 cells) 
      Using iterative-pass (max. iters. 100000, cut 0.00000100) 

   Settings for searches:
      Using a tolerance margin of 15.00% maximum.
      Error stages:
           - 0.00 for 0 to 15% of swapping,
           - 5.00 from 15% to 66%,
           - 15.00 from 66% to completion 
      Refining first guess with incremental fermat recalculation, 5 nodes
      from point of reinsertion, with up to 2 iterations 
 
   To calculate total score, all landmarks within a character equally weighted 
   For resampling and support, using individual landmarks 
 
Taxon names is ON 
Outgroup is taxon 34  -  Rhyncholestes_raphanurus 
Space for 500 trees in memory 
Repl. Algor.     Tree        Score       Best Score   Time       Rearrangs.
50    TBR       16 of 16     ------      6.05187      3:53:31    6,345,065          
Completed 50 random addition sequences.
Total rearrangements examined: 6,345,065. 
Best score hit 11 times out of 50.
Best score (TBR): 6.05187.  1 trees retained. 
Start swapping from 1 trees (score 6.05187)... 
Repl. Algor.     Tree        Score       Best Score   Time       Rearrangs.
---   TBR        0 of 1      ------      6.05187      0:01:29    27,629          
Completed TBR branch-swapping.
Total rearrangements examined: 27,629. 
Best score (TBR): 6.05187.  1 trees found. 
Tree lengths 
       ÚÄÄÄÄÄÄÄÄ¿
       ³    +0  ³
ÚÄÄÄÄÄÄÅÄÄÄÄÄÄÄÄ´
³     0³ 6.05187³
ÀÄÄÄÄÄÄÁÄÄÄÄÄÄÄÄÙ 
 
WARNING: 
Ch. 0, landmark 38, user min. set to 0.358215, but found a tree with 0.240535
Minimum will be updated (this may affect previous calculations). 
 
Adjusted homoplasy 
       ÚÄÄÄÄÄÄÄÄ¿
       ³    +0  ³
ÚÄÄÄÄÄÄÅÄÄÄÄÄÄÄÄ´
³     0³ 0.10103³
ÀÄÄÄÄÄÄÁÄÄÄÄÄÄÄÄÙ 
Tree 0, ch. 0 (score 6.051874) 
       ÚÄÄÄÄÄÄÄÄÂÄÄÄÄÄÄÄÄÂÄÄÄÄÄÄÄÄÂÄÄÄÄÄÄÄÄÂÄÄÄÄÄÄÄÄÂÄÄÄÄÄÄÄÄÂÄÄÄÄÄÄÄÄÂÄÄÄÄÄÄÄÄÂÄÄÄÄÄÄÄÄÂÄÄÄÄÄÄÄÄ¿
       ³    +0  ³    +1  ³    +2  ³    +3  ³    +4  ³    +5  ³    +6  ³    +7  ³    +8  ³    +9  ³
ÚÄÄÄÄÄÄÅÄÄÄÄÄÄÄÄÅÄÄÄÄÄÄÄÄÅÄÄÄÄÄÄÄÄÅÄÄÄÄÄÄÄÄÅÄÄÄÄÄÄÄÄÅÄÄÄÄÄÄÄÄÅÄÄÄÄÄÄÄÄÅÄÄÄÄÄÄÄÄÅÄÄÄÄÄÄÄÄÅÄÄÄÄÄÄÄÄ´
³     0³ 0.11192³ 0.10858³ 0.15769³ 0.13042³ 0.12981³ 0.10029³ 0.13019³ 0.10055³ 0.10144³ 0.10085³
³    10³ 0.10042³ 0.09945³ 0.10862³ 0.11808³ 0.12203³ 0.10955³ 0.11775³ 0.12242³ 0.07967³ 0.07930³
³    20³ 0.10095³ 0.10484³ 0.09738³ 0.09517³ 0.10059³ 0.10437³ 0.09693³ 0.09441³ 0.12962³ 0.13027³
³    30³ 0.14232³ 0.14217³ 0.16066³ 0.16087³ 0.08844³ 0.08774³ 0.08242³ 0.08119³ 0.05715³ 0.05750³
³    40³ 0.07723³ 0.07893³ 0.08513³ 0.11874³ 0.09068³ 0.08542³ 0.11969³ 0.09157³ 0.08195³ 0.11680³
³    50³ 0.08202³ 0.11711³ 0.10215³ 0.10233³ 0.08220³ 0.08135³ 0.09729³ 0.09728³        ³        ³
ÀÄÄÄÄÄÄÁÄÄÄÄÄÄÄÄÁÄÄÄÄÄÄÄÄÁÄÄÄÄÄÄÄÄÁÄÄÄÄÄÄÄÄÁÄÄÄÄÄÄÄÄÁÄÄÄÄÄÄÄÄÁÄÄÄÄÄÄÄÄÁÄÄÄÄÄÄÄÄÁÄÄÄÄÄÄÄÄÁÄÄÄÄÄÄÄÄÙ 
Reading from E:\github_Vera\Mars_skull_phylosig\Data\Processed\TNT_files\Allom_all_plus_consensus\Stats_CI.run 
Report is ON 
Floating point printing uses 3 digits 
Consistency index  
       ÚÄÄÄÄÄÄ¿
       ³    +0³
ÚÄÄÄÄÄÄÅÄÄÄÄÄÄ´
³     0³ 0.232³
ÀÄÄÄÄÄÄÁÄÄÄÄÄÄÙ 
Again reading from E:\github_Vera\Mars_skull_phylosig\Data\Processed\TNT_files\Allom_all_plus_consensus\Allom_all_plus_consensus_2_20forfisnish.run 
