Reading from E:\github_Vera\Mars_skull_phylosig\Data\Processed\TNT_files\Allom_all_plus_consensus\Allom_all_plus_consensus_Tree_49.tnt 
 
WARNING: 
Re-setting data type will cause
current data to be lost 
 
Matrices will be read as continuous data 
Matrix space: allocate for up to 32 states 
'TNT file generated with the R function `writeland.tnt` on Thu Dec  8 19:31:22 2022.'
Matrix (1x9, 32 states). Memory required for data: 0.02 Mbytes 
Again reading from E:\github_Vera\Mars_skull_phylosig\Data\Processed\TNT_files\Allom_all_plus_consensus\Allom_all_plus_consensus_41-54.run 
Considering individual landmarks for resampling and relative supports
 
   Settings for landmark optimization:  
      Initially approximmating landmark positions with a 6x6 grid 
      Adding terminal points to initial grid 
      Not shrinking frame when approximmating landmark positions 
      Not skipping cells when approximmating landmark positions 
      Not shaking grid 
      Nesting sankoff 1 times (window: 1.0000 cells) 
      Using iterative-pass (max. iters. 100000, cut 0.00000100) 

   Settings for searches:
      Using a tolerance margin of 15.00% maximum.
      Error stages:
           - 0.00 for 0 to 15% of swapping,
           - 5.00 from 15% to 66%,
           - 15.00 from 66% to completion 
      Refining first guess with incremental fermat recalculation, 5 nodes
      from point of reinsertion, with up to 2 iterations 
 
   To calculate total score, all landmarks within a character equally weighted 
   For resampling and support, using individual landmarks 
 
Taxon names is ON 
Outgroup is taxon 3  -  Rhyncholestes_raphanurus 
Space for 500 trees in memory 
Repl. Algor.     Tree        Score       Best Score   Time       Rearrangs.
50    TBR        1 of 1      ------      2.09545      0:02:34    8,099          
Completed 50 random addition sequences.
Total rearrangements examined: 8,099. 
Best score hit 50 times out of 50.
Best score (TBR): 2.09545.  1 trees retained. 
Start swapping from 1 trees (score 2.09545)... 
Repl. Algor.     Tree        Score       Best Score   Time       Rearrangs.
---   TBR        0 of 1      ------      2.09545      0:00:04    263           
Completed TBR branch-swapping.
Total rearrangements examined: 263. 
Best score (TBR): 2.09545.  1 trees found. 
Tree lengths 
       ÚÄÄÄÄÄÄÄÄ¿
       ³    +0  ³
ÚÄÄÄÄÄÄÅÄÄÄÄÄÄÄÄ´
³     0³ 2.09545³
ÀÄÄÄÄÄÄÁÄÄÄÄÄÄÄÄÙ 
Adjusted homoplasy 
       ÚÄÄÄÄÄÄÄÄ¿
       ³    +0  ³
ÚÄÄÄÄÄÄÅÄÄÄÄÄÄÄÄ´
³     0³ 0.01208³
ÀÄÄÄÄÄÄÁÄÄÄÄÄÄÄÄÙ 
Tree 0, ch. 0 (score 2.095448) 
       ÚÄÄÄÄÄÄÄÄÂÄÄÄÄÄÄÄÄÂÄÄÄÄÄÄÄÄÂÄÄÄÄÄÄÄÄÂÄÄÄÄÄÄÄÄÂÄÄÄÄÄÄÄÄÂÄÄÄÄÄÄÄÄÂÄÄÄÄÄÄÄÄÂÄÄÄÄÄÄÄÄÂÄÄÄÄÄÄÄÄ¿
       ³    +0  ³    +1  ³    +2  ³    +3  ³    +4  ³    +5  ³    +6  ³    +7  ³    +8  ³    +9  ³
ÚÄÄÄÄÄÄÅÄÄÄÄÄÄÄÄÅÄÄÄÄÄÄÄÄÅÄÄÄÄÄÄÄÄÅÄÄÄÄÄÄÄÄÅÄÄÄÄÄÄÄÄÅÄÄÄÄÄÄÄÄÅÄÄÄÄÄÄÄÄÅÄÄÄÄÄÄÄÄÅÄÄÄÄÄÄÄÄÅÄÄÄÄÄÄÄÄ´
³     0³ 0.03432³ 0.03942³ 0.05072³ 0.04856³ 0.04449³ 0.03917³ 0.04483³ 0.03866³ 0.03812³ 0.03841³
³    10³ 0.03458³ 0.03453³ 0.04078³ 0.03234³ 0.03072³ 0.04114³ 0.03255³ 0.03031³ 0.02313³ 0.02366³
³    20³ 0.04033³ 0.03509³ 0.04356³ 0.04227³ 0.04037³ 0.03498³ 0.04334³ 0.04200³ 0.05175³ 0.05179³
³    30³ 0.04824³ 0.04811³ 0.06214³ 0.06144³ 0.01540³ 0.01539³ 0.02387³ 0.02400³ 0.01597³ 0.01559³
³    40³ 0.03003³ 0.03039³ 0.02561³ 0.03885³ 0.03321³ 0.02565³ 0.03899³ 0.03368³ 0.02671³ 0.04411³
³    50³ 0.02728³ 0.04400³ 0.03620³ 0.03683³ 0.02927³ 0.02916³ 0.03465³ 0.03476³        ³        ³
ÀÄÄÄÄÄÄÁÄÄÄÄÄÄÄÄÁÄÄÄÄÄÄÄÄÁÄÄÄÄÄÄÄÄÁÄÄÄÄÄÄÄÄÁÄÄÄÄÄÄÄÄÁÄÄÄÄÄÄÄÄÁÄÄÄÄÄÄÄÄÁÄÄÄÄÄÄÄÄÁÄÄÄÄÄÄÄÄÁÄÄÄÄÄÄÄÄÙ 
Reading from E:\github_Vera\Mars_skull_phylosig\Data\Processed\TNT_files\Allom_all_plus_consensus\Stats_CI.run 
Report is ON 
Floating point printing uses 3 digits 
Consistency index  
       ÚÄÄÄÄÄÄ¿
       ³    +0³
ÚÄÄÄÄÄÄÅÄÄÄÄÄÄ´
³     0³ 0.619³
ÀÄÄÄÄÄÄÁÄÄÄÄÄÄÙ 
Again reading from E:\github_Vera\Mars_skull_phylosig\Data\Processed\TNT_files\Allom_all_plus_consensus\Allom_all_plus_consensus_41-54.run 
