Reading from C:\WORKSPACE\Github_Projects\Mars_skull_phylosig\Data\Processed\TNT_files\Allom_all_plus_consensus\Allom_all_plus_consensus_Tree_35.tnt 
 
WARNING: 
Re-setting data type will cause
current data to be lost 
 
Matrices will be read as continuous data 
Matrix space: allocate for up to 32 states 
'TNT file generated with the R function `writeland.tnt` on Thu Dec  8 19:31:18 2022.'
Matrix (1x23, 32 states). Memory required for data: 0.03 Mbytes 
Again reading from C:\WORKSPACE\Github_Projects\Mars_skull_phylosig\Data\Processed\TNT_files\Allom_all_plus_consensus\Allom_all_plus_consensus_21-40.run 
Considering individual landmarks for resampling and relative supports
 
   Settings for landmark optimization:  
      Initially approximmating landmark positions with a 6x6 grid 
      Adding terminal points to initial grid 
      Not shrinking frame when approximmating landmark positions 
      Not skipping cells when approximmating landmark positions 
      Not shaking grid 
      Nesting sankoff 1 times (window: 1.0000 cells) 
      Using iterative-pass (max. iters. 100000, cut 0.00000100) 

   Settings for searches:
      Using a tolerance margin of 15.00% maximum.
      Error stages:
           - 0.00 for 0 to 15% of swapping,
           - 5.00 from 15% to 66%,
           - 15.00 from 66% to completion 
      Refining first guess with incremental fermat recalculation, 5 nodes
      from point of reinsertion, with up to 2 iterations 
 
   To calculate total score, all landmarks within a character equally weighted 
   For resampling and support, using individual landmarks 
 
Taxon names is ON 
Outgroup is taxon 15  -  Rhyncholestes_raphanurus 
Space for 500 trees in memory 
Repl. Algor.     Tree        Score       Best Score   Time       Rearrangs.
50    TBR        3 of 3      ------      3.86428      0:29:45    471,633          
Completed 50 random addition sequences.
Total rearrangements examined: 471,633. 
Best score hit 32 times out of 50.
Best score (TBR): 3.86428.  1 trees retained. 
Start swapping from 1 trees (score 3.86428)... 
Repl. Algor.     Tree        Score       Best Score   Time       Rearrangs.
---   TBR        0 of 1      ------      3.86428      0:00:28    4,211          
Completed TBR branch-swapping.
Total rearrangements examined: 4,211. 
Best score (TBR): 3.86428.  1 trees found. 
Tree lengths 
       ÚÄÄÄÄÄÄÄÄ¿
       ³    +0  ³
ÚÄÄÄÄÄÄÅÄÄÄÄÄÄÄÄ´
³     0³ 3.86428³
ÀÄÄÄÄÄÄÁÄÄÄÄÄÄÄÄÙ 
Adjusted homoplasy 
       ÚÄÄÄÄÄÄÄÄ¿
       ³    +0  ³
ÚÄÄÄÄÄÄÅÄÄÄÄÄÄÄÄ´
³     0³ 0.05368³
ÀÄÄÄÄÄÄÁÄÄÄÄÄÄÄÄÙ 
Tree 0, ch. 0 (score 3.864284) 
       ÚÄÄÄÄÄÄÄÄÂÄÄÄÄÄÄÄÄÂÄÄÄÄÄÄÄÄÂÄÄÄÄÄÄÄÄÂÄÄÄÄÄÄÄÄÂÄÄÄÄÄÄÄÄÂÄÄÄÄÄÄÄÄÂÄÄÄÄÄÄÄÄÂÄÄÄÄÄÄÄÄÂÄÄÄÄÄÄÄÄ¿
       ³    +0  ³    +1  ³    +2  ³    +3  ³    +4  ³    +5  ³    +6  ³    +7  ³    +8  ³    +9  ³
ÚÄÄÄÄÄÄÅÄÄÄÄÄÄÄÄÅÄÄÄÄÄÄÄÄÅÄÄÄÄÄÄÄÄÅÄÄÄÄÄÄÄÄÅÄÄÄÄÄÄÄÄÅÄÄÄÄÄÄÄÄÅÄÄÄÄÄÄÄÄÅÄÄÄÄÄÄÄÄÅÄÄÄÄÄÄÄÄÅÄÄÄÄÄÄÄÄ´
³     0³ 0.07495³ 0.06874³ 0.08752³ 0.08659³ 0.09405³ 0.06528³ 0.09409³ 0.06554³ 0.05734³ 0.05676³
³    10³ 0.06345³ 0.06302³ 0.08012³ 0.06589³ 0.07539³ 0.08066³ 0.06632³ 0.07519³ 0.05587³ 0.05550³
³    20³ 0.07008³ 0.06822³ 0.06530³ 0.05920³ 0.06982³ 0.06748³ 0.06495³ 0.05877³ 0.08719³ 0.08685³
³    30³ 0.09873³ 0.09787³ 0.10655³ 0.10571³ 0.04688³ 0.04640³ 0.05412³ 0.05387³ 0.03241³ 0.03204³
³    40³ 0.05206³ 0.05374³ 0.04342³ 0.06722³ 0.05648³ 0.04360³ 0.06798³ 0.05631³ 0.05226³ 0.07842³
³    50³ 0.05226³ 0.07854³ 0.06599³ 0.06469³ 0.04529³ 0.04563³ 0.06770³ 0.06799³        ³        ³
ÀÄÄÄÄÄÄÁÄÄÄÄÄÄÄÄÁÄÄÄÄÄÄÄÄÁÄÄÄÄÄÄÄÄÁÄÄÄÄÄÄÄÄÁÄÄÄÄÄÄÄÄÁÄÄÄÄÄÄÄÄÁÄÄÄÄÄÄÄÄÁÄÄÄÄÄÄÄÄÁÄÄÄÄÄÄÄÄÁÄÄÄÄÄÄÄÄÙ 
Reading from C:\WORKSPACE\Github_Projects\Mars_skull_phylosig\Data\Processed\TNT_files\Allom_all_plus_consensus\Stats_CI.run 
Report is ON 
Floating point printing uses 3 digits 
Consistency index  
       ÚÄÄÄÄÄÄ¿
       ³    +0³
ÚÄÄÄÄÄÄÅÄÄÄÄÄÄ´
³     0³ 0.342³
ÀÄÄÄÄÄÄÁÄÄÄÄÄÄÙ 
Again reading from C:\WORKSPACE\Github_Projects\Mars_skull_phylosig\Data\Processed\TNT_files\Allom_all_plus_consensus\Allom_all_plus_consensus_21-40.run 
