Reading from E:\github_Vera\Mars_skull_phylosig\Data\Processed\TNT_files\Allom_all_plus_consensus\Allom_all_plus_consensus_Tree_48.tnt 
 
WARNING: 
Re-setting data type will cause
current data to be lost 
 
Matrices will be read as continuous data 
Matrix space: allocate for up to 32 states 
'TNT file generated with the R function `writeland.tnt` on Thu Dec  8 19:31:22 2022.'
Matrix (1x10, 32 states). Memory required for data: 0.02 Mbytes 
Again reading from E:\github_Vera\Mars_skull_phylosig\Data\Processed\TNT_files\Allom_all_plus_consensus\Allom_all_plus_consensus_41-54.run 
Considering individual landmarks for resampling and relative supports
 
   Settings for landmark optimization:  
      Initially approximmating landmark positions with a 6x6 grid 
      Adding terminal points to initial grid 
      Not shrinking frame when approximmating landmark positions 
      Not skipping cells when approximmating landmark positions 
      Not shaking grid 
      Nesting sankoff 1 times (window: 1.0000 cells) 
      Using iterative-pass (max. iters. 100000, cut 0.00000100) 

   Settings for searches:
      Using a tolerance margin of 15.00% maximum.
      Error stages:
           - 0.00 for 0 to 15% of swapping,
           - 5.00 from 15% to 66%,
           - 15.00 from 66% to completion 
      Refining first guess with incremental fermat recalculation, 5 nodes
      from point of reinsertion, with up to 2 iterations 
 
   To calculate total score, all landmarks within a character equally weighted 
   For resampling and support, using individual landmarks 
 
Taxon names is ON 
Outgroup is taxon 3  -  Rhyncholestes_raphanurus 
Space for 500 trees in memory 
Repl. Algor.     Tree        Score       Best Score   Time       Rearrangs.
50    TBR        1 of 1      ------      2.20708      0:03:42    12,856          
Completed 50 random addition sequences.
Total rearrangements examined: 12,856. 
Best score hit 47 times out of 50.
Best score (TBR): 2.20708.  1 trees retained. 
Start swapping from 1 trees (score 2.20708)... 
Repl. Algor.     Tree        Score       Best Score   Time       Rearrangs.
---   TBR        0 of 1      ------      2.20708      0:00:05    381           
Completed TBR branch-swapping.
Total rearrangements examined: 381. 
Best score (TBR): 2.20708.  1 trees found. 
Tree lengths 
       ÚÄÄÄÄÄÄÄÄ¿
       ³    +0  ³
ÚÄÄÄÄÄÄÅÄÄÄÄÄÄÄÄ´
³     0³ 2.20708³
ÀÄÄÄÄÄÄÁÄÄÄÄÄÄÄÄÙ 
Adjusted homoplasy 
       ÚÄÄÄÄÄÄÄÄ¿
       ³    +0  ³
ÚÄÄÄÄÄÄÅÄÄÄÄÄÄÄÄ´
³     0³ 0.01372³
ÀÄÄÄÄÄÄÁÄÄÄÄÄÄÄÄÙ 
Tree 0, ch. 0 (score 2.207079) 
       ÚÄÄÄÄÄÄÄÄÂÄÄÄÄÄÄÄÄÂÄÄÄÄÄÄÄÄÂÄÄÄÄÄÄÄÄÂÄÄÄÄÄÄÄÄÂÄÄÄÄÄÄÄÄÂÄÄÄÄÄÄÄÄÂÄÄÄÄÄÄÄÄÂÄÄÄÄÄÄÄÄÂÄÄÄÄÄÄÄÄ¿
       ³    +0  ³    +1  ³    +2  ³    +3  ³    +4  ³    +5  ³    +6  ³    +7  ³    +8  ³    +9  ³
ÚÄÄÄÄÄÄÅÄÄÄÄÄÄÄÄÅÄÄÄÄÄÄÄÄÅÄÄÄÄÄÄÄÄÅÄÄÄÄÄÄÄÄÅÄÄÄÄÄÄÄÄÅÄÄÄÄÄÄÄÄÅÄÄÄÄÄÄÄÄÅÄÄÄÄÄÄÄÄÅÄÄÄÄÄÄÄÄÅÄÄÄÄÄÄÄÄ´
³     0³ 0.03906³ 0.03972³ 0.05584³ 0.05152³ 0.04942³ 0.04141³ 0.05022³ 0.04110³ 0.03891³ 0.03871³
³    10³ 0.03597³ 0.03607³ 0.04131³ 0.03438³ 0.03335³ 0.04160³ 0.03476³ 0.03270³ 0.02354³ 0.02402³
³    20³ 0.04273³ 0.03794³ 0.04603³ 0.04399³ 0.04257³ 0.03766³ 0.04604³ 0.04396³ 0.05689³ 0.05692³
³    30³ 0.05095³ 0.05079³ 0.06383³ 0.06275³ 0.01756³ 0.01769³ 0.02430³ 0.02480³ 0.01654³ 0.01618³
³    40³ 0.03099³ 0.03129³ 0.02713³ 0.04004³ 0.03496³ 0.02709³ 0.04018³ 0.03503³ 0.02816³ 0.04433³
³    50³ 0.02894³ 0.04474³ 0.03741³ 0.03776³ 0.03125³ 0.03078³ 0.03666³ 0.03658³        ³        ³
ÀÄÄÄÄÄÄÁÄÄÄÄÄÄÄÄÁÄÄÄÄÄÄÄÄÁÄÄÄÄÄÄÄÄÁÄÄÄÄÄÄÄÄÁÄÄÄÄÄÄÄÄÁÄÄÄÄÄÄÄÄÁÄÄÄÄÄÄÄÄÁÄÄÄÄÄÄÄÄÁÄÄÄÄÄÄÄÄÁÄÄÄÄÄÄÄÄÙ 
Reading from E:\github_Vera\Mars_skull_phylosig\Data\Processed\TNT_files\Allom_all_plus_consensus\Stats_CI.run 
Report is ON 
Floating point printing uses 3 digits 
Consistency index  
       ÚÄÄÄÄÄÄ¿
       ³    +0³
ÚÄÄÄÄÄÄÅÄÄÄÄÄÄ´
³     0³ 0.589³
ÀÄÄÄÄÄÄÁÄÄÄÄÄÄÙ 
Again reading from E:\github_Vera\Mars_skull_phylosig\Data\Processed\TNT_files\Allom_all_plus_consensus\Allom_all_plus_consensus_41-54.run 
