Reading from E:\github_Vera\Mars_skull_phylosig\Data\Processed\TNT_files\Allom_all_plus_consensus\Allom_all_plus_consensus_Tree_50.tnt 
 
WARNING: 
Re-setting data type will cause
current data to be lost 
 
Matrices will be read as continuous data 
Matrix space: allocate for up to 32 states 
'TNT file generated with the R function `writeland.tnt` on Thu Dec  8 19:31:22 2022.'
Matrix (1x8, 32 states). Memory required for data: 0.02 Mbytes 
Again reading from E:\github_Vera\Mars_skull_phylosig\Data\Processed\TNT_files\Allom_all_plus_consensus\Allom_all_plus_consensus_41-54.run 
Considering individual landmarks for resampling and relative supports
 
   Settings for landmark optimization:  
      Initially approximmating landmark positions with a 6x6 grid 
      Adding terminal points to initial grid 
      Not shrinking frame when approximmating landmark positions 
      Not skipping cells when approximmating landmark positions 
      Not shaking grid 
      Nesting sankoff 1 times (window: 1.0000 cells) 
      Using iterative-pass (max. iters. 100000, cut 0.00000100) 

   Settings for searches:
      Using a tolerance margin of 15.00% maximum.
      Error stages:
           - 0.00 for 0 to 15% of swapping,
           - 5.00 from 15% to 66%,
           - 15.00 from 66% to completion 
      Refining first guess with incremental fermat recalculation, 5 nodes
      from point of reinsertion, with up to 2 iterations 
 
   To calculate total score, all landmarks within a character equally weighted 
   For resampling and support, using individual landmarks 
 
Taxon names is ON 
Outgroup is taxon 3  -  Rhyncholestes_raphanurus 
Space for 500 trees in memory 
Repl. Algor.     Tree        Score       Best Score   Time       Rearrangs.
50    TBR        1 of 1      ------      1.98552      0:01:48    4,907          
Completed 50 random addition sequences.
Total rearrangements examined: 4,907. 
Best score hit 50 times out of 50.
Best score (TBR): 1.98552.  1 trees retained. 
Start swapping from 1 trees (score 1.98552)... 
Repl. Algor.     Tree        Score       Best Score   Time       Rearrangs.
---   TBR        0 of 1      ------      1.98552      0:00:02    173           
Completed TBR branch-swapping.
Total rearrangements examined: 173. 
Best score (TBR): 1.98552.  1 trees found. 
Tree lengths 
       ÚÄÄÄÄÄÄÄÄ¿
       ³    +0  ³
ÚÄÄÄÄÄÄÅÄÄÄÄÄÄÄÄ´
³     0³ 1.98552³
ÀÄÄÄÄÄÄÁÄÄÄÄÄÄÄÄÙ 
Adjusted homoplasy 
       ÚÄÄÄÄÄÄÄÄ¿
       ³    +0  ³
ÚÄÄÄÄÄÄÅÄÄÄÄÄÄÄÄ´
³     0³ 0.01022³
ÀÄÄÄÄÄÄÁÄÄÄÄÄÄÄÄÙ 
Tree 0, ch. 0 (score 1.985519) 
       ÚÄÄÄÄÄÄÄÄÂÄÄÄÄÄÄÄÄÂÄÄÄÄÄÄÄÄÂÄÄÄÄÄÄÄÄÂÄÄÄÄÄÄÄÄÂÄÄÄÄÄÄÄÄÂÄÄÄÄÄÄÄÄÂÄÄÄÄÄÄÄÄÂÄÄÄÄÄÄÄÄÂÄÄÄÄÄÄÄÄ¿
       ³    +0  ³    +1  ³    +2  ³    +3  ³    +4  ³    +5  ³    +6  ³    +7  ³    +8  ³    +9  ³
ÚÄÄÄÄÄÄÅÄÄÄÄÄÄÄÄÅÄÄÄÄÄÄÄÄÅÄÄÄÄÄÄÄÄÅÄÄÄÄÄÄÄÄÅÄÄÄÄÄÄÄÄÅÄÄÄÄÄÄÄÄÅÄÄÄÄÄÄÄÄÅÄÄÄÄÄÄÄÄÅÄÄÄÄÄÄÄÄÅÄÄÄÄÄÄÄÄ´
³     0³ 0.02884³ 0.03947³ 0.04806³ 0.03969³ 0.04308³ 0.03859³ 0.04347³ 0.03814³ 0.03607³ 0.03589³
³    10³ 0.03431³ 0.03388³ 0.03934³ 0.03142³ 0.02814³ 0.03953³ 0.03157³ 0.02744³ 0.02233³ 0.02288³
³    20³ 0.03748³ 0.03264³ 0.04056³ 0.04054³ 0.03721³ 0.03251³ 0.04064³ 0.04039³ 0.04795³ 0.04760³
³    30³ 0.04417³ 0.04389³ 0.05925³ 0.05868³ 0.01456³ 0.01464³ 0.02199³ 0.02220³ 0.01583³ 0.01535³
³    40³ 0.02917³ 0.02950³ 0.02573³ 0.03714³ 0.03242³ 0.02574³ 0.03715³ 0.03258³ 0.02534³ 0.04170³
³    50³ 0.02596³ 0.04186³ 0.03458³ 0.03531³ 0.02910³ 0.02878³ 0.03166³ 0.03157³        ³        ³
ÀÄÄÄÄÄÄÁÄÄÄÄÄÄÄÄÁÄÄÄÄÄÄÄÄÁÄÄÄÄÄÄÄÄÁÄÄÄÄÄÄÄÄÁÄÄÄÄÄÄÄÄÁÄÄÄÄÄÄÄÄÁÄÄÄÄÄÄÄÄÁÄÄÄÄÄÄÄÄÁÄÄÄÄÄÄÄÄÁÄÄÄÄÄÄÄÄÙ 
Reading from E:\github_Vera\Mars_skull_phylosig\Data\Processed\TNT_files\Allom_all_plus_consensus\Stats_CI.run 
Report is ON 
Floating point printing uses 3 digits 
Consistency index  
       ÚÄÄÄÄÄÄ¿
       ³    +0³
ÚÄÄÄÄÄÄÅÄÄÄÄÄÄ´
³     0³ 0.656³
ÀÄÄÄÄÄÄÁÄÄÄÄÄÄÙ 
Again reading from E:\github_Vera\Mars_skull_phylosig\Data\Processed\TNT_files\Allom_all_plus_consensus\Allom_all_plus_consensus_41-54.run 
