Reading from C:\WORKSPACE\Github_Projects\Mars_skull_phylosig\Data\Processed\TNT_files\Allom_basi_plus_consensus\Allom_basi_plus_consensus_Tree_25.tnt 
 
WARNING: 
Re-setting data type will cause
current data to be lost 
 
Matrices will be read as continuous data 
Matrix space: allocate for up to 32 states 
'TNT file generated with the R function `writeland.tnt` on Thu Dec  8 19:31:14 2022.'
Matrix (1x33, 32 states). Memory required for data: 0.04 Mbytes 
Again reading from C:\WORKSPACE\Github_Projects\Mars_skull_phylosig\Data\Processed\TNT_files\Allom_basi_plus_consensus\Core_TNT_code_Allom_basi_plus_consensus_21-40.run 
Considering individual landmarks for resampling and relative supports
 
   Settings for landmark optimization:  
      Initially approximmating landmark positions with a 6x6 grid 
      Adding terminal points to initial grid 
      Not shrinking frame when approximmating landmark positions 
      Not skipping cells when approximmating landmark positions 
      Not shaking grid 
      Nesting sankoff 1 times (window: 1.0000 cells) 
      Using iterative-pass (max. iters. 100000, cut 0.00000100) 

   Settings for searches:
      Using a tolerance margin of 15.00% maximum.
      Error stages:
           - 0.00 for 0 to 15% of swapping,
           - 5.00 from 15% to 66%,
           - 15.00 from 66% to completion 
      Refining first guess with incremental fermat recalculation, 5 nodes
      from point of reinsertion, with up to 2 iterations 
 
   To calculate total score, all landmarks within a character equally weighted 
   For resampling and support, using individual landmarks 
 
Taxon names is ON 
Outgroup is taxon 30  -  Rhyncholestes_raphanurus 
Space for 500 trees in memory 
Repl. Algor.     Tree        Score       Best Score   Time       Rearrangs.
50    TBR       23 of 24     ------      5.04410      0:57:09    2,524,967          
Completed 50 random addition sequences.
Total rearrangements examined: 2,524,967. 
Best score hit 6 times out of 50.
Best score (TBR): 5.04410.  1 trees retained. 
Start swapping from 1 trees (score 5.04410)... 
Repl. Algor.     Tree        Score       Best Score   Time       Rearrangs.
---   TBR        0 of 1      ------      5.04410      0:00:28    14,231          
Completed TBR branch-swapping.
Total rearrangements examined: 14,231. 
Best score (TBR): 5.04410.  1 trees found. 
Tree lengths 
       ÚÄÄÄÄÄÄÄÄ¿
       ³    +0  ³
ÚÄÄÄÄÄÄÅÄÄÄÄÄÄÄÄ´
³     0³ 5.04410³
ÀÄÄÄÄÄÄÁÄÄÄÄÄÄÄÄÙ 
Adjusted homoplasy 
       ÚÄÄÄÄÄÄÄÄ¿
       ³    +0  ³
ÚÄÄÄÄÄÄÅÄÄÄÄÄÄÄÄ´
³     0³ 0.14441³
ÀÄÄÄÄÄÄÁÄÄÄÄÄÄÄÄÙ 
Tree 0, ch. 0 (score 5.044099) 
       ÚÄÄÄÄÄÄÄÄÂÄÄÄÄÄÄÄÄÂÄÄÄÄÄÄÄÄÂÄÄÄÄÄÄÄÄÂÄÄÄÄÄÄÄÄÂÄÄÄÄÄÄÄÄÂÄÄÄÄÄÄÄÄÂÄÄÄÄÄÄÄÄÂÄÄÄÄÄÄÄÄÂÄÄÄÄÄÄÄÄ¿
       ³    +0  ³    +1  ³    +2  ³    +3  ³    +4  ³    +5  ³    +6  ³    +7  ³    +8  ³    +9  ³
ÚÄÄÄÄÄÄÅÄÄÄÄÄÄÄÄÅÄÄÄÄÄÄÄÄÅÄÄÄÄÄÄÄÄÅÄÄÄÄÄÄÄÄÅÄÄÄÄÄÄÄÄÅÄÄÄÄÄÄÄÄÅÄÄÄÄÄÄÄÄÅÄÄÄÄÄÄÄÄÅÄÄÄÄÄÄÄÄÅÄÄÄÄÄÄÄÄ´
³     0³ 0.25662³ 0.25681³ 0.20716³ 0.20729³ 0.14189³ 0.14274³ 0.20383³ 0.20377³ 0.16603³ 0.25766³
³    10³ 0.19240³ 0.16552³ 0.25885³ 0.19207³ 0.20562³ 0.28873³ 0.20609³ 0.28906³ 0.21494³ 0.21547³
³    20³ 0.16783³ 0.16696³ 0.21928³ 0.21748³        ³        ³        ³        ³        ³        ³
ÀÄÄÄÄÄÄÁÄÄÄÄÄÄÄÄÁÄÄÄÄÄÄÄÄÁÄÄÄÄÄÄÄÄÁÄÄÄÄÄÄÄÄÁÄÄÄÄÄÄÄÄÁÄÄÄÄÄÄÄÄÁÄÄÄÄÄÄÄÄÁÄÄÄÄÄÄÄÄÁÄÄÄÄÄÄÄÄÁÄÄÄÄÄÄÄÄÙ 
Reading from C:\WORKSPACE\Github_Projects\Mars_skull_phylosig\Data\Processed\TNT_files\Allom_basi_plus_consensus\Stats_CI.run 
Report is ON 
Floating point printing uses 3 digits 
Consistency index  
       ÚÄÄÄÄÄÄ¿
       ³    +0³
ÚÄÄÄÄÄÄÅÄÄÄÄÄÄ´
³     0³ 0.270³
ÀÄÄÄÄÄÄÁÄÄÄÄÄÄÙ 
Again reading from C:\WORKSPACE\Github_Projects\Mars_skull_phylosig\Data\Processed\TNT_files\Allom_basi_plus_consensus\Core_TNT_code_Allom_basi_plus_consensus_21-40.run 
