Reading from C:\WORKSPACE\Github_Projects\Mars_skull_phylosig\Data\Processed\TNT_files\Allom_basi_plus_consensus\Allom_basi_plus_consensus_Tree_11.tnt 
 
WARNING: 
Re-setting data type will cause
current data to be lost 
 
Matrices will be read as continuous data 
Matrix space: allocate for up to 32 states 
'TNT file generated with the R function `writeland.tnt` on Thu Dec  8 19:31:05 2022.'
Matrix (1x47, 32 states). Memory required for data: 0.05 Mbytes 
Again reading from C:\WORKSPACE\Github_Projects\Mars_skull_phylosig\Data\Processed\TNT_files\Allom_basi_plus_consensus\Core_TNT_code_Allom_basi_plus_consensus_15_20_forfinish.run 
Considering individual landmarks for resampling and relative supports
 
   Settings for landmark optimization:  
      Initially approximmating landmark positions with a 6x6 grid 
      Adding terminal points to initial grid 
      Not shrinking frame when approximmating landmark positions 
      Not skipping cells when approximmating landmark positions 
      Not shaking grid 
      Nesting sankoff 1 times (window: 1.0000 cells) 
      Using iterative-pass (max. iters. 100000, cut 0.00000100) 

   Settings for searches:
      Using a tolerance margin of 15.00% maximum.
      Error stages:
           - 0.00 for 0 to 15% of swapping,
           - 5.00 from 15% to 66%,
           - 15.00 from 66% to completion 
      Refining first guess with incremental fermat recalculation, 5 nodes
      from point of reinsertion, with up to 2 iterations 
 
   To calculate total score, all landmarks within a character equally weighted 
   For resampling and support, using individual landmarks 
 
Taxon names is ON 
Outgroup is taxon 39  -  Rhyncholestes_raphanurus 
Space for 500 trees in memory 
Repl. Algor.     Tree        Score       Best Score   Time       Rearrangs.
50    TBR       20 of 20     ------      6.71832      2:29:45    9,117,002          
Completed 50 random addition sequences.
Total rearrangements examined: 9,117,002. 
Best score hit 21 times out of 50.
Best score (TBR): 6.71832.  1 trees retained. 
Start swapping from 1 trees (score 6.71832)... 
Repl. Algor.     Tree        Score       Best Score   Time       Rearrangs.
---   TBR        0 of 1      ------      6.71832      0:00:50    37,651          
Completed TBR branch-swapping.
Total rearrangements examined: 37,651. 
Best score (TBR): 6.71832.  1 trees found. 
Tree lengths 
       ÚÄÄÄÄÄÄÄÄ¿
       ³    +0  ³
ÚÄÄÄÄÄÄÅÄÄÄÄÄÄÄÄ´
³     0³ 6.71832³
ÀÄÄÄÄÄÄÁÄÄÄÄÄÄÄÄÙ 
Adjusted homoplasy 
       ÚÄÄÄÄÄÄÄÄ¿
       ³    +0  ³
ÚÄÄÄÄÄÄÅÄÄÄÄÄÄÄÄ´
³     0³ 0.19686³
ÀÄÄÄÄÄÄÁÄÄÄÄÄÄÄÄÙ 
Tree 0, ch. 0 (score 6.718316) 
       ÚÄÄÄÄÄÄÄÄÂÄÄÄÄÄÄÄÄÂÄÄÄÄÄÄÄÄÂÄÄÄÄÄÄÄÄÂÄÄÄÄÄÄÄÄÂÄÄÄÄÄÄÄÄÂÄÄÄÄÄÄÄÄÂÄÄÄÄÄÄÄÄÂÄÄÄÄÄÄÄÄÂÄÄÄÄÄÄÄÄ¿
       ³    +0  ³    +1  ³    +2  ³    +3  ³    +4  ³    +5  ³    +6  ³    +7  ³    +8  ³    +9  ³
ÚÄÄÄÄÄÄÅÄÄÄÄÄÄÄÄÅÄÄÄÄÄÄÄÄÅÄÄÄÄÄÄÄÄÅÄÄÄÄÄÄÄÄÅÄÄÄÄÄÄÄÄÅÄÄÄÄÄÄÄÄÅÄÄÄÄÄÄÄÄÅÄÄÄÄÄÄÄÄÅÄÄÄÄÄÄÄÄÅÄÄÄÄÄÄÄÄ´
³     0³ 0.35325³ 0.35304³ 0.28623³ 0.28492³ 0.20190³ 0.20324³ 0.26096³ 0.26075³ 0.23284³ 0.30135³
³    10³ 0.23604³ 0.23185³ 0.30149³ 0.23661³ 0.26534³ 0.39178³ 0.26561³ 0.39105³ 0.31596³ 0.31459³
³    20³ 0.22726³ 0.22615³ 0.28891³ 0.28719³        ³        ³        ³        ³        ³        ³
ÀÄÄÄÄÄÄÁÄÄÄÄÄÄÄÄÁÄÄÄÄÄÄÄÄÁÄÄÄÄÄÄÄÄÁÄÄÄÄÄÄÄÄÁÄÄÄÄÄÄÄÄÁÄÄÄÄÄÄÄÄÁÄÄÄÄÄÄÄÄÁÄÄÄÄÄÄÄÄÁÄÄÄÄÄÄÄÄÁÄÄÄÄÄÄÄÄÙ 
Reading from C:\WORKSPACE\Github_Projects\Mars_skull_phylosig\Data\Processed\TNT_files\Allom_basi_plus_consensus\Stats_CI.run 
Report is ON 
Floating point printing uses 3 digits 
Consistency index  
       ÚÄÄÄÄÄÄ¿
       ³    +0³
ÚÄÄÄÄÄÄÅÄÄÄÄÄÄ´
³     0³ 0.211³
ÀÄÄÄÄÄÄÁÄÄÄÄÄÄÙ 
Again reading from C:\WORKSPACE\Github_Projects\Mars_skull_phylosig\Data\Processed\TNT_files\Allom_basi_plus_consensus\Core_TNT_code_Allom_basi_plus_consensus_15_20_forfinish.run 
