Reading from E:\github_Vera\Mars_skull_phylosig\Data\Processed\TNT_files\Allom_basi_plus_consensus\Allom_basi_plus_consensus_Tree_50.tnt 
 
WARNING: 
Re-setting data type will cause
current data to be lost 
 
Matrices will be read as continuous data 
Matrix space: allocate for up to 32 states 
'TNT file generated with the R function `writeland.tnt` on Thu Dec  8 19:31:22 2022.'
Matrix (1x8, 32 states). Memory required for data: 0.02 Mbytes 
Again reading from E:\github_Vera\Mars_skull_phylosig\Data\Processed\TNT_files\Allom_basi_plus_consensus\Core_TNT_code_Allom_basi_plus_consensus_41-54.run 
Considering individual landmarks for resampling and relative supports
 
   Settings for landmark optimization:  
      Initially approximmating landmark positions with a 6x6 grid 
      Adding terminal points to initial grid 
      Not shrinking frame when approximmating landmark positions 
      Not skipping cells when approximmating landmark positions 
      Not shaking grid 
      Nesting sankoff 1 times (window: 1.0000 cells) 
      Using iterative-pass (max. iters. 100000, cut 0.00000100) 

   Settings for searches:
      Using a tolerance margin of 15.00% maximum.
      Error stages:
           - 0.00 for 0 to 15% of swapping,
           - 5.00 from 15% to 66%,
           - 15.00 from 66% to completion 
      Refining first guess with incremental fermat recalculation, 5 nodes
      from point of reinsertion, with up to 2 iterations 
 
   To calculate total score, all landmarks within a character equally weighted 
   For resampling and support, using individual landmarks 
 
Taxon names is ON 
Outgroup is taxon 3  -  Rhyncholestes_raphanurus 
Space for 500 trees in memory 
Repl. Algor.     Tree        Score       Best Score   Time       Rearrangs.
50    TBR        1 of 1      ------      1.90478      0:00:38    3,972          
Completed 50 random addition sequences.
Total rearrangements examined: 3,972. 
Best score hit 42 times out of 50.
Best score (TBR): 1.90478.  1 trees retained. 
Start swapping from 1 trees (score 1.90478)... 
Repl. Algor.     Tree        Score       Best Score   Time       Rearrangs.
---   TBR        0 of 1      ------      1.90478      0:00:01    157           
Completed TBR branch-swapping.
Total rearrangements examined: 157. 
Best score (TBR): 1.90478.  1 trees found. 
Tree lengths 
       ÚÄÄÄÄÄÄÄÄ¿
       ³    +0  ³
ÚÄÄÄÄÄÄÅÄÄÄÄÄÄÄÄ´
³     0³ 1.90478³
ÀÄÄÄÄÄÄÁÄÄÄÄÄÄÄÄÙ 
Adjusted homoplasy 
       ÚÄÄÄÄÄÄÄÄ¿
       ³    +0  ³
ÚÄÄÄÄÄÄÅÄÄÄÄÄÄÄÄ´
³     0³ 0.01893³
ÀÄÄÄÄÄÄÁÄÄÄÄÄÄÄÄÙ 
Tree 0, ch. 0 (score 1.904780) 
       ÚÄÄÄÄÄÄÄÄÂÄÄÄÄÄÄÄÄÂÄÄÄÄÄÄÄÄÂÄÄÄÄÄÄÄÄÂÄÄÄÄÄÄÄÄÂÄÄÄÄÄÄÄÄÂÄÄÄÄÄÄÄÄÂÄÄÄÄÄÄÄÄÂÄÄÄÄÄÄÄÄÂÄÄÄÄÄÄÄÄ¿
       ³    +0  ³    +1  ³    +2  ³    +3  ³    +4  ³    +5  ³    +6  ³    +7  ³    +8  ³    +9  ³
ÚÄÄÄÄÄÄÅÄÄÄÄÄÄÄÄÅÄÄÄÄÄÄÄÄÅÄÄÄÄÄÄÄÄÅÄÄÄÄÄÄÄÄÅÄÄÄÄÄÄÄÄÅÄÄÄÄÄÄÄÄÅÄÄÄÄÄÄÄÄÅÄÄÄÄÄÄÄÄÅÄÄÄÄÄÄÄÄÅÄÄÄÄÄÄÄÄ´
³     0³ 0.06817³ 0.06748³ 0.06052³ 0.05972³ 0.04758³ 0.04722³ 0.06579³ 0.06555³ 0.05908³ 0.10753³
³    10³ 0.08455³ 0.05945³ 0.10747³ 0.08488³ 0.08247³ 0.13145³ 0.08266³ 0.12915³ 0.09046³ 0.09018³
³    20³ 0.08224³ 0.08157³ 0.07458³ 0.07505³        ³        ³        ³        ³        ³        ³
ÀÄÄÄÄÄÄÁÄÄÄÄÄÄÄÄÁÄÄÄÄÄÄÄÄÁÄÄÄÄÄÄÄÄÁÄÄÄÄÄÄÄÄÁÄÄÄÄÄÄÄÄÁÄÄÄÄÄÄÄÄÁÄÄÄÄÄÄÄÄÁÄÄÄÄÄÄÄÄÁÄÄÄÄÄÄÄÄÁÄÄÄÄÄÄÄÄÙ 
Reading from E:\github_Vera\Mars_skull_phylosig\Data\Processed\TNT_files\Allom_basi_plus_consensus\Stats_CI.run 
Report is ON 
Floating point printing uses 3 digits 
Consistency index  
       ÚÄÄÄÄÄÄ¿
       ³    +0³
ÚÄÄÄÄÄÄÅÄÄÄÄÄÄ´
³     0³ 0.632³
ÀÄÄÄÄÄÄÁÄÄÄÄÄÄÙ 
Again reading from E:\github_Vera\Mars_skull_phylosig\Data\Processed\TNT_files\Allom_basi_plus_consensus\Core_TNT_code_Allom_basi_plus_consensus_41-54.run 
