Reading from C:\WORKSPACE\Github_Projects\Mars_skull_phylosig\Data\Processed\TNT_files\GPA_Restmean\GPA_Restmean_Tree_11.tnt 
 
WARNING: 
Re-setting data type will cause
current data to be lost 
 
Matrices will be read as continuous data 
Matrix space: allocate for up to 32 states 
'TNT file generated with the R function `writeland.tnt` on Wed Jun 23 14:19:02 2021.'
Matrix (1x47, 32 states). Memory required for data: 0.05 Mbytes 
Again reading from C:\WORKSPACE\Github_Projects\Mars_skull_phylosig\Data\Processed\TNT_files\GPA_Restmean\Core_TNT_code_Restmean_1_20.run 
Considering individual landmarks for resampling and relative supports
 
   Settings for landmark optimization:  
      Initially approximmating landmark positions with a 6x6 grid 
      Adding terminal points to initial grid 
      Not shrinking frame when approximmating landmark positions 
      Not skipping cells when approximmating landmark positions 
      Not shaking grid 
      Nesting sankoff 1 times (window: 1.0000 cells) 
      Using iterative-pass (max. iters. 100000, cut 0.00000100) 

   Settings for searches:
      Using a tolerance margin of 15.00% maximum.
      Error stages:
           - 0.00 for 0 to 15% of swapping,
           - 5.00 from 15% to 66%,
           - 15.00 from 66% to completion 
      Refining first guess with incremental fermat recalculation, 5 nodes
      from point of reinsertion, with up to 2 iterations 
 
   To calculate total score, all landmarks within a character equally weighted 
   For resampling and support, using individual landmarks 
 
Taxon names is ON 
Outgroup is taxon 39  -  Rhyncholestes_raphanurus 
Space for 500 trees in memory 
Repl. Algor.     Tree        Score       Best Score   Time       Rearrangs.
50    TBR        7 of 8      ------      6.19919      2:45:22    7,223,186          
Completed 50 random addition sequences.
Total rearrangements examined: 7,223,186. 
Best score hit 39 times out of 50.
Best score (TBR): 6.19919.  1 trees retained. 
Start swapping from 1 trees (score 6.19919)... 
Repl. Algor.     Tree        Score       Best Score   Time       Rearrangs.
---   TBR        0 of 1      ------      6.19919      0:00:57    33,179          
Completed TBR branch-swapping.
Total rearrangements examined: 33,179. 
Best score (TBR): 6.19919.  1 trees found. 
Tree lengths 
       ÚÄÄÄÄÄÄÄÄ¿
       ³    +0  ³
ÚÄÄÄÄÄÄÅÄÄÄÄÄÄÄÄ´
³     0³ 6.19919³
ÀÄÄÄÄÄÄÁÄÄÄÄÄÄÄÄÙ 
Adjusted homoplasy 
       ÚÄÄÄÄÄÄÄÄ¿
       ³    +0  ³
ÚÄÄÄÄÄÄÅÄÄÄÄÄÄÄÄ´
³     0³ 0.16730³
ÀÄÄÄÄÄÄÁÄÄÄÄÄÄÄÄÙ 
Tree 0, ch. 0 (score 6.199187) 
       ÚÄÄÄÄÄÄÄÄÂÄÄÄÄÄÄÄÄÂÄÄÄÄÄÄÄÄÂÄÄÄÄÄÄÄÄÂÄÄÄÄÄÄÄÄÂÄÄÄÄÄÄÄÄÂÄÄÄÄÄÄÄÄÂÄÄÄÄÄÄÄÄÂÄÄÄÄÄÄÄÄÂÄÄÄÄÄÄÄÄ¿
       ³    +0  ³    +1  ³    +2  ³    +3  ³    +4  ³    +5  ³    +6  ³    +7  ³    +8  ³    +9  ³
ÚÄÄÄÄÄÄÅÄÄÄÄÄÄÄÄÅÄÄÄÄÄÄÄÄÅÄÄÄÄÄÄÄÄÅÄÄÄÄÄÄÄÄÅÄÄÄÄÄÄÄÄÅÄÄÄÄÄÄÄÄÅÄÄÄÄÄÄÄÄÅÄÄÄÄÄÄÄÄÅÄÄÄÄÄÄÄÄÅÄÄÄÄÄÄÄÄ´
³     0³ 0.18920³ 0.18564³ 0.22343³ 0.21156³ 0.20042³ 0.18146³ 0.20042³ 0.18146³ 0.17890³ 0.17890³
³    10³ 0.17496³ 0.17496³ 0.18709³ 0.18955³ 0.18946³ 0.18709³ 0.18961³ 0.18954³ 0.14160³ 0.14167³
³    20³ 0.14909³ 0.15096³ 0.13514³ 0.13697³ 0.14909³ 0.15096³ 0.13514³ 0.13697³ 0.19281³ 0.19281³
³    30³ 0.21576³ 0.21576³ 0.27041³ 0.27041³        ³        ³        ³        ³        ³        ³
ÀÄÄÄÄÄÄÁÄÄÄÄÄÄÄÄÁÄÄÄÄÄÄÄÄÁÄÄÄÄÄÄÄÄÁÄÄÄÄÄÄÄÄÁÄÄÄÄÄÄÄÄÁÄÄÄÄÄÄÄÄÁÄÄÄÄÄÄÄÄÁÄÄÄÄÄÄÄÄÁÄÄÄÄÄÄÄÄÁÄÄÄÄÄÄÄÄÙ 
Reading from C:\WORKSPACE\Github_Projects\Mars_skull_phylosig\Data\Processed\TNT_files\GPA_Restmean\Stats_CI.run 
Report is ON 
Floating point printing uses 3 digits 
Consistency index  
       ÚÄÄÄÄÄÄ¿
       ³    +0³
ÚÄÄÄÄÄÄÅÄÄÄÄÄÄ´
³     0³ 0.212³
ÀÄÄÄÄÄÄÁÄÄÄÄÄÄÙ 
Again reading from C:\WORKSPACE\Github_Projects\Mars_skull_phylosig\Data\Processed\TNT_files\GPA_Restmean\Core_TNT_code_Restmean_1_20.run 
