Reading from C:\WORKSPACE\Github_Projects\Mars_skull_phylosig\Data\Processed\TNT_files\GPA_Restmean\GPA_Restmean_Tree_52.tnt 
 
WARNING: 
Re-setting data type will cause
current data to be lost 
 
Matrices will be read as continuous data 
Matrix space: allocate for up to 32 states 
'TNT file generated with the R function `writeland.tnt` on Wed Jun 23 14:19:13 2021.'
Matrix (1x6, 32 states). Memory required for data: 0.01 Mbytes 
Again reading from C:\WORKSPACE\Github_Projects\Mars_skull_phylosig\Data\Processed\TNT_files\GPA_Restmean\Core_TNT_code_Restmean_41-54.run 
Considering individual landmarks for resampling and relative supports
 
   Settings for landmark optimization:  
      Initially approximmating landmark positions with a 6x6 grid 
      Adding terminal points to initial grid 
      Not shrinking frame when approximmating landmark positions 
      Not skipping cells when approximmating landmark positions 
      Not shaking grid 
      Nesting sankoff 1 times (window: 1.0000 cells) 
      Using iterative-pass (max. iters. 100000, cut 0.00000100) 

   Settings for searches:
      Using a tolerance margin of 15.00% maximum.
      Error stages:
           - 0.00 for 0 to 15% of swapping,
           - 5.00 from 15% to 66%,
           - 15.00 from 66% to completion 
      Refining first guess with incremental fermat recalculation, 5 nodes
      from point of reinsertion, with up to 2 iterations 
 
   To calculate total score, all landmarks within a character equally weighted 
   For resampling and support, using individual landmarks 
 
Taxon names is ON 
Outgroup is taxon 2  -  Rhyncholestes_raphanurus 
Space for 500 trees in memory 
Repl. Algor.     Tree        Score       Best Score   Time       Rearrangs.
50    TBR        1 of 1      ------      1.75059      0:01:03    2,388          
Completed 50 random addition sequences.
Total rearrangements examined: 2,388. 
Best score hit 50 times out of 50.
Best score (TBR): 1.75059.  1 trees retained. 
Start swapping from 1 trees (score 1.75059)... 
Repl. Algor.     Tree        Score       Best Score   Time       Rearrangs.
---   TBR        0 of 1      ------      1.75059      0:00:03    59            
Completed TBR branch-swapping.
Total rearrangements examined: 59. 
Best score (TBR): 1.75059.  1 trees found. 
Tree lengths 
       ÚÄÄÄÄÄÄÄÄ¿
       ³    +0  ³
ÚÄÄÄÄÄÄÅÄÄÄÄÄÄÄÄ´
³     0³ 1.75059³
ÀÄÄÄÄÄÄÁÄÄÄÄÄÄÄÄÙ 
Adjusted homoplasy 
       ÚÄÄÄÄÄÄÄÄ¿
       ³    +0  ³
ÚÄÄÄÄÄÄÅÄÄÄÄÄÄÄÄ´
³     0³ 0.00809³
ÀÄÄÄÄÄÄÁÄÄÄÄÄÄÄÄÙ 
Tree 0, ch. 0 (score 1.750585) 
       ÚÄÄÄÄÄÄÄÄÂÄÄÄÄÄÄÄÄÂÄÄÄÄÄÄÄÄÂÄÄÄÄÄÄÄÄÂÄÄÄÄÄÄÄÄÂÄÄÄÄÄÄÄÄÂÄÄÄÄÄÄÄÄÂÄÄÄÄÄÄÄÄÂÄÄÄÄÄÄÄÄÂÄÄÄÄÄÄÄÄ¿
       ³    +0  ³    +1  ³    +2  ³    +3  ³    +4  ³    +5  ³    +6  ³    +7  ³    +8  ³    +9  ³
ÚÄÄÄÄÄÄÅÄÄÄÄÄÄÄÄÅÄÄÄÄÄÄÄÄÅÄÄÄÄÄÄÄÄÅÄÄÄÄÄÄÄÄÅÄÄÄÄÄÄÄÄÅÄÄÄÄÄÄÄÄÅÄÄÄÄÄÄÄÄÅÄÄÄÄÄÄÄÄÅÄÄÄÄÄÄÄÄÅÄÄÄÄÄÄÄÄ´
³     0³ 0.05167³ 0.03024³ 0.07530³ 0.06380³ 0.05229³ 0.04218³ 0.05229³ 0.04218³ 0.04538³ 0.04538³
³    10³ 0.04084³ 0.04084³ 0.06865³ 0.04556³ 0.04022³ 0.06865³ 0.04556³ 0.04022³ 0.04609³ 0.04609³
³    20³ 0.04548³ 0.03775³ 0.05738³ 0.05193³ 0.04548³ 0.03775³ 0.05738³ 0.05193³ 0.06444³ 0.06444³
³    30³ 0.05901³ 0.05901³ 0.06757³ 0.06757³        ³        ³        ³        ³        ³        ³
ÀÄÄÄÄÄÄÁÄÄÄÄÄÄÄÄÁÄÄÄÄÄÄÄÄÁÄÄÄÄÄÄÄÄÁÄÄÄÄÄÄÄÄÁÄÄÄÄÄÄÄÄÁÄÄÄÄÄÄÄÄÁÄÄÄÄÄÄÄÄÁÄÄÄÄÄÄÄÄÁÄÄÄÄÄÄÄÄÁÄÄÄÄÄÄÄÄÙ 
Reading from C:\WORKSPACE\Github_Projects\Mars_skull_phylosig\Data\Processed\TNT_files\GPA_Restmean\Stats_CI.run 
Report is ON 
Floating point printing uses 3 digits 
Consistency index  
       ÚÄÄÄÄÄÄ¿
       ³    +0³
ÚÄÄÄÄÄÄÅÄÄÄÄÄÄ´
³     0³ 0.751³
ÀÄÄÄÄÄÄÁÄÄÄÄÄÄÙ 
Again reading from C:\WORKSPACE\Github_Projects\Mars_skull_phylosig\Data\Processed\TNT_files\GPA_Restmean\Core_TNT_code_Restmean_41-54.run 
